tar: Removing leading `/' from member names
/media/arch/
/media/arch/tmp/
/media/arch/mnt/
/media/arch/lib
/media/arch/bin
/media/arch/run/
/media/arch/run/udisks2/
/media/arch/run/agetty.reload
/media/arch/run/lightdm.pid
/media/arch/run/resolvconf/
/media/arch/run/resolvconf/metrics/
/media/arch/run/resolvconf/metrics/0000202 enp3s0.dhcp
/media/arch/run/resolvconf/interfaces/
/media/arch/run/resolvconf/interfaces/enp3s0.dhcp
tar: /media/arch/run/dhcpcd.unpriv.sock: socket ignored
tar: /media/arch/run/dhcpcd.sock: socket ignored
/media/arch/run/dhcpcd.pid
/media/arch/run/dbus/
tar: /media/arch/run/dbus/system_bus_socket: socket ignored
/media/arch/run/utmp
/media/arch/run/user/
/media/arch/run/user/1000/
/media/arch/run/user/1000/pulse/
/media/arch/run/user/1000/dconf/
/media/arch/run/user/1000/dconf/user
tar: /media/arch/run/user/1000/gvfs: Cannot stat: Permission denied
tar: /media/arch/run/user/1000/bus: socket ignored
/media/arch/run/user/1000/systemd/
tar: /media/arch/run/user/1000/systemd/private: socket ignored
tar: /media/arch/run/user/1000/systemd/notify: socket ignored
/media/arch/run/sudo/
/media/arch/run/sudo/ts/
/media/arch/run/sudo/ts/jribeiro
/media/arch/run/nscd/
/media/arch/run/lightdm/
/media/arch/run/lightdm/root/
/media/arch/run/lightdm/root/:0
/media/arch/run/log/
/media/arch/run/dmeventd-client
/media/arch/run/dmeventd-server
/media/arch/run/lvm/
tar: /media/arch/run/lvm/lvmetad.socket: socket ignored
/media/arch/run/lock/
/media/arch/run/lock/subsys/
/media/arch/run/lock/lvm/
/media/arch/run/systemd/
/media/arch/run/systemd/inhibit/
/media/arch/run/systemd/inhibit/1
/media/arch/run/systemd/inhibit/1.ref
/media/arch/run/systemd/netif/
/media/arch/run/systemd/netif/leases/
/media/arch/run/systemd/netif/links/
/media/arch/run/systemd/shutdown/
/media/arch/run/systemd/machines/
/media/arch/run/systemd/users/
/media/arch/run/systemd/users/1000
/media/arch/run/systemd/sessions/
/media/arch/run/systemd/sessions/c2
/media/arch/run/systemd/sessions/c2.ref
/media/arch/run/systemd/seats/
/media/arch/run/systemd/seats/seat0
/media/arch/run/systemd/initctl/
/media/arch/run/systemd/initctl/fifo
tar: /media/arch/run/systemd/coredump: socket ignored
/media/arch/run/systemd/journal/
/media/arch/run/systemd/journal/flushed
/media/arch/run/systemd/journal/streams/
/media/arch/run/systemd/journal/streams/8:15874
/media/arch/run/systemd/journal/streams/8:15865
/media/arch/run/systemd/journal/streams/8:13827
/media/arch/run/systemd/journal/streams/8:13825
/media/arch/run/systemd/journal/streams/8:15773
/media/arch/run/systemd/journal/streams/8:15772
/media/arch/run/systemd/journal/streams/8:15715
/media/arch/run/systemd/journal/streams/8:15537
/media/arch/run/systemd/journal/streams/8:11233
/media/arch/run/systemd/journal/streams/8:11232
/media/arch/run/systemd/journal/streams/8:12679
/media/arch/run/systemd/journal/streams/8:12616
/media/arch/run/systemd/journal/streams/8:10192
/media/arch/run/systemd/journal/streams/8:10142
/media/arch/run/systemd/journal/streams/8:10419
/media/arch/run/systemd/journal/streams/8:7797
/media/arch/run/systemd/journal/kernel-seqnum
tar: /media/arch/run/systemd/journal/dev-log: socket ignored
tar: /media/arch/run/systemd/journal/socket: socket ignored
tar: /media/arch/run/systemd/journal/stdout: socket ignored
/media/arch/run/systemd/ask-password/
tar: /media/arch/run/systemd/private: socket ignored
tar: /media/arch/run/systemd/notify: socket ignored
/media/arch/run/systemd/generator/
/media/arch/run/systemd/generator/local-fs.target.requires/
/media/arch/run/systemd/generator/local-fs.target.requires/-.mount
/media/arch/run/systemd/generator/local-fs.target.wants/
/media/arch/run/systemd/generator/local-fs.target.wants/systemd-fsck-root.service
/media/arch/run/systemd/generator/-.mount
/media/arch/run/systemd/inaccessible/
/media/arch/run/systemd/system/
/media/arch/run/systemd/system/session-c2.scope.d/
/media/arch/run/systemd/system/session-c2.scope.d/50-TasksMax.conf
/media/arch/run/systemd/system/session-c2.scope.d/50-SendSIGHUP.conf
/media/arch/run/systemd/system/session-c2.scope.d/50-After-systemd-user-sessions\\x2eservice.conf
/media/arch/run/systemd/system/session-c2.scope.d/50-After-systemd-logind\\x2eservice.conf
/media/arch/run/systemd/system/session-c2.scope.d/50-Description.conf
/media/arch/run/systemd/system/session-c2.scope.d/50-Slice.conf
/media/arch/run/systemd/system/user-1000.slice.d/
/media/arch/run/systemd/system/user-1000.slice.d/50-TasksMax.conf
/media/arch/run/systemd/system/user-1000.slice.d/50-After-systemd-user-sessions\\x2eservice.conf
/media/arch/run/systemd/system/user-1000.slice.d/50-After-systemd-logind\\x2eservice.conf
/media/arch/run/systemd/system/user-1000.slice.d/50-Description.conf
/media/arch/run/mount/
/media/arch/run/mount/utab
/media/arch/run/udev/
/media/arch/run/udev/watch/
/media/arch/run/udev/watch/10
/media/arch/run/udev/watch/9
/media/arch/run/udev/watch/8
/media/arch/run/udev/watch/7
/media/arch/run/udev/watch/6
/media/arch/run/udev/watch/5
/media/arch/run/udev/watch/4
/media/arch/run/udev/watch/3
/media/arch/run/udev/watch/2
/media/arch/run/udev/watch/1
/media/arch/run/udev/tags/
/media/arch/run/udev/tags/master-of-seat/
/media/arch/run/udev/tags/master-of-seat/+drm:card0-VGA-1
/media/arch/run/udev/tags/master-of-seat/+drm:card0-DVI-I-1
/media/arch/run/udev/tags/master-of-seat/+drm:card0-HDMI-A-1
/media/arch/run/udev/tags/master-of-seat/c29:0
/media/arch/run/udev/tags/master-of-seat/c226:0
/media/arch/run/udev/tags/power-switch/
/media/arch/run/udev/tags/power-switch/c13:64
/media/arch/run/udev/tags/power-switch/c13:65
/media/arch/run/udev/tags/uaccess/
/media/arch/run/udev/tags/uaccess/c116:18
/media/arch/run/udev/tags/uaccess/c116:17
/media/arch/run/udev/tags/uaccess/c116:16
/media/arch/run/udev/tags/uaccess/c116:15
/media/arch/run/udev/tags/uaccess/c116:14
/media/arch/run/udev/tags/uaccess/c116:12
/media/arch/run/udev/tags/uaccess/c116:13
/media/arch/run/udev/tags/uaccess/c116:11
/media/arch/run/udev/tags/uaccess/c116:10
/media/arch/run/udev/tags/uaccess/c116:8
/media/arch/run/udev/tags/uaccess/c116:7
/media/arch/run/udev/tags/uaccess/c116:9
/media/arch/run/udev/tags/uaccess/c116:6
/media/arch/run/udev/tags/uaccess/c116:5
/media/arch/run/udev/tags/uaccess/c116:4
/media/arch/run/udev/tags/uaccess/c81:0
/media/arch/run/udev/tags/uaccess/c116:2
/media/arch/run/udev/tags/uaccess/c116:3
/media/arch/run/udev/tags/uaccess/c226:128
/media/arch/run/udev/tags/uaccess/c226:0
/media/arch/run/udev/tags/uaccess/c116:33
/media/arch/run/udev/tags/uaccess/b11:0
/media/arch/run/udev/tags/seat/
/media/arch/run/udev/tags/seat/+input:input15
/media/arch/run/udev/tags/seat/+input:input14
/media/arch/run/udev/tags/seat/+input:input12
/media/arch/run/udev/tags/seat/+input:input13
/media/arch/run/udev/tags/seat/+sound:card1
/media/arch/run/udev/tags/seat/+input:input11
/media/arch/run/udev/tags/seat/+input:input9
/media/arch/run/udev/tags/seat/+input:input8
/media/arch/run/udev/tags/seat/+input:input10
/media/arch/run/udev/tags/seat/+input:input7
/media/arch/run/udev/tags/seat/+sound:card0
/media/arch/run/udev/tags/seat/c81:0
/media/arch/run/udev/tags/seat/+input:input6
/media/arch/run/udev/tags/seat/+sound:card2
/media/arch/run/udev/tags/seat/+drm:card0-VGA-1
/media/arch/run/udev/tags/seat/+drm:card0-DVI-I-1
/media/arch/run/udev/tags/seat/+drm:card0-HDMI-A-1
/media/arch/run/udev/tags/seat/c226:128
/media/arch/run/udev/tags/seat/c29:0
/media/arch/run/udev/tags/seat/c226:0
/media/arch/run/udev/tags/seat/+input:input4
/media/arch/run/udev/tags/seat/+input:input5
/media/arch/run/udev/tags/seat/+input:input2
/media/arch/run/udev/tags/seat/b11:0
/media/arch/run/udev/tags/seat/c189:384
/media/arch/run/udev/tags/seat/c189:128
/media/arch/run/udev/tags/seat/c189:256
/media/arch/run/udev/tags/seat/c189:0
/media/arch/run/udev/tags/seat/c189:512
/media/arch/run/udev/tags/seat/+input:input0
/media/arch/run/udev/tags/seat/+input:input1
/media/arch/run/udev/tags/systemd/
/media/arch/run/udev/tags/systemd/+module:fuse
/media/arch/run/udev/tags/systemd/c10:58
/media/arch/run/udev/tags/systemd/b8:1
/media/arch/run/udev/tags/systemd/+sound:card1
/media/arch/run/udev/tags/systemd/b8:2
/media/arch/run/udev/tags/systemd/b8:3
/media/arch/run/udev/tags/systemd/+sound:card0
/media/arch/run/udev/tags/systemd/n2
/media/arch/run/udev/tags/systemd/+sound:card2
/media/arch/run/udev/tags/systemd/b8:17
/media/arch/run/udev/tags/systemd/b8:16
/media/arch/run/udev/tags/systemd/b8:80
/media/arch/run/udev/tags/systemd/b8:64
/media/arch/run/udev/tags/systemd/b8:48
/media/arch/run/udev/tags/systemd/b8:32
/media/arch/run/udev/tags/systemd/b8:0
/media/arch/run/udev/tags/systemd/c4:64
/media/arch/run/udev/tags/systemd/c4:67
/media/arch/run/udev/tags/systemd/c4:66
/media/arch/run/udev/tags/systemd/c4:65
/media/arch/run/udev/tags/systemd/b11:0
/media/arch/run/udev/tags/systemd/+module:configfs
/media/arch/run/udev/static_node-tags/
/media/arch/run/udev/static_node-tags/uaccess/
/media/arch/run/udev/static_node-tags/uaccess/snd\\x2fseq
/media/arch/run/udev/static_node-tags/uaccess/snd\\x2ftimer
tar: /media/arch/run/udev/control: socket ignored
/media/arch/run/udev/links/
/media/arch/run/udev/links/\\x2fdisk\\x2fby-uuid\\x2fCC80FECE80FEBE50/
/media/arch/run/udev/links/\\x2fdisk\\x2fby-uuid\\x2fCC80FECE80FEBE50/b8:1
/media/arch/run/udev/links/\\x2fdisk\\x2fby-id\\x2fwwn-0x5000cca306caa0f5-part1/
/media/arch/run/udev/links/\\x2fdisk\\x2fby-id\\x2fwwn-0x5000cca306caa0f5-part1/b8:1
/media/arch/run/udev/links/\\x2fdisk\\x2fby-id\\x2fata-HDT722516DLAT80_VD091GTE0SBUVR-part1/
/media/arch/run/udev/links/\\x2fdisk\\x2fby-id\\x2fata-HDT722516DLAT80_VD091GTE0SBUVR-part1/b8:1
/media/arch/run/udev/links/\\x2fsnd\\x2fby-path\\x2fpci-0000:01:00.1/
/media/arch/run/udev/links/\\x2fsnd\\x2fby-path\\x2fpci-0000:01:00.1/c116:10
/media/arch/run/udev/links/\\x2fdisk\\x2fby-path\\x2fpci-0000:00:1f.2-ata-1-part2/
/media/arch/run/udev/links/\\x2fdisk\\x2fby-path\\x2fpci-0000:00:1f.2-ata-1-part2/b8:2
/media/arch/run/udev/links/\\x2fdisk\\x2fby-id\\x2fwwn-0x5000cca306caa0f5-part2/
/media/arch/run/udev/links/\\x2fdisk\\x2fby-id\\x2fwwn-0x5000cca306caa0f5-part2/b8:2
/media/arch/run/udev/links/\\x2fdisk\\x2fby-id\\x2fata-HDT722516DLAT80_VD091GTE0SBUVR-part2/
/media/arch/run/udev/links/\\x2fdisk\\x2fby-id\\x2fata-HDT722516DLAT80_VD091GTE0SBUVR-part2/b8:2
/media/arch/run/udev/links/\\x2fdisk\\x2fby-uuid\\x2fddad070f-7707-4781-8a5e-23275773b88a/
/media/arch/run/udev/links/\\x2fdisk\\x2fby-uuid\\x2fddad070f-7707-4781-8a5e-23275773b88a/b8:3
/media/arch/run/udev/links/\\x2fdisk\\x2fby-path\\x2fpci-0000:00:1f.2-ata-1-part3/
/media/arch/run/udev/links/\\x2fdisk\\x2fby-path\\x2fpci-0000:00:1f.2-ata-1-part3/b8:3
/media/arch/run/udev/links/\\x2fdisk\\x2fby-label\\x2farch/
/media/arch/run/udev/links/\\x2fdisk\\x2fby-label\\x2farch/b8:3
/media/arch/run/udev/links/\\x2fdisk\\x2fby-id\\x2fwwn-0x5000cca306caa0f5-part3/
/media/arch/run/udev/links/\\x2fdisk\\x2fby-id\\x2fwwn-0x5000cca306caa0f5-part3/b8:3
/media/arch/run/udev/links/\\x2fdisk\\x2fby-id\\x2fata-HDT722516DLAT80_VD091GTE0SBUVR-part3/
/media/arch/run/udev/links/\\x2fdisk\\x2fby-id\\x2fata-HDT722516DLAT80_VD091GTE0SBUVR-part3/b8:3
/media/arch/run/udev/links/\\x2fsnd\\x2fby-path\\x2fpci-0000:00:1b.0/
/media/arch/run/udev/links/\\x2fsnd\\x2fby-path\\x2fpci-0000:00:1b.0/c116:4
/media/arch/run/udev/links/\\x2finput\\x2fby-path\\x2fpci-0000:00:1d.7-usb-0:8:1.0-event/
/media/arch/run/udev/links/\\x2finput\\x2fby-path\\x2fpci-0000:00:1d.7-usb-0:8:1.0-event/c13:69
/media/arch/run/udev/links/\\x2finput\\x2fby-id\\x2fusb-Creative_Technology_Ltd._Live__Cam_Sync_HD_VF0770_2014112451439-event-if00/
/media/arch/run/udev/links/\\x2finput\\x2fby-id\\x2fusb-Creative_Technology_Ltd._Live__Cam_Sync_HD_VF0770_2014112451439-event-if00/c13:69
/media/arch/run/udev/links/\\x2finput\\x2fby-path\\x2fplatform-i8042-serio-1-event-mouse/
/media/arch/run/udev/links/\\x2finput\\x2fby-path\\x2fplatform-i8042-serio-1-event-mouse/c13:68
/media/arch/run/udev/links/\\x2fv4l\\x2fby-path\\x2fpci-0000:00:1d.7-usb-0:8:1.0-video-index0/
/media/arch/run/udev/links/\\x2fv4l\\x2fby-path\\x2fpci-0000:00:1d.7-usb-0:8:1.0-video-index0/c81:0
/media/arch/run/udev/links/\\x2fv4l\\x2fby-id\\x2fusb-Creative_Technology_Ltd._Live__Cam_Sync_HD_VF0770_2014112451439-video-index0/
/media/arch/run/udev/links/\\x2fv4l\\x2fby-id\\x2fusb-Creative_Technology_Ltd._Live__Cam_Sync_HD_VF0770_2014112451439-video-index0/c81:0
/media/arch/run/udev/links/\\x2finput\\x2fby-path\\x2fplatform-i8042-serio-1-mouse/
/media/arch/run/udev/links/\\x2finput\\x2fby-path\\x2fplatform-i8042-serio-1-mouse/c13:32
/media/arch/run/udev/links/\\x2fsnd\\x2fby-path\\x2fpci-0000:00:1d.7-usb-0:8:1.2/
/media/arch/run/udev/links/\\x2fsnd\\x2fby-path\\x2fpci-0000:00:1d.7-usb-0:8:1.2/c116:2
/media/arch/run/udev/links/\\x2fsnd\\x2fby-id\\x2fusb-Creative_Technology_Ltd._Live__Cam_Sync_HD_VF0770_2014112451439-02/
/media/arch/run/udev/links/\\x2fsnd\\x2fby-id\\x2fusb-Creative_Technology_Ltd._Live__Cam_Sync_HD_VF0770_2014112451439-02/c116:2
/media/arch/run/udev/links/\\x2fdisk\\x2fby-uuid\\x2f3D6CD33E0E0B752D/
/media/arch/run/udev/links/\\x2fdisk\\x2fby-uuid\\x2f3D6CD33E0E0B752D/b8:17
/media/arch/run/udev/links/\\x2fdisk\\x2fby-path\\x2fpci-0000:00:1f.2-ata-1-part1/
/media/arch/run/udev/links/\\x2fdisk\\x2fby-path\\x2fpci-0000:00:1f.2-ata-1-part1/b8:1
/media/arch/run/udev/links/\\x2fdisk\\x2fby-path\\x2fpci-0000:00:1f.2-ata-1-part1/b8:17
/media/arch/run/udev/links/\\x2fdisk\\x2fby-label\\x2fdados/
/media/arch/run/udev/links/\\x2fdisk\\x2fby-label\\x2fdados/b8:17
/media/arch/run/udev/links/\\x2fdisk\\x2fby-id\\x2fata-ST320413A_6ED2BPDD-part1/
/media/arch/run/udev/links/\\x2fdisk\\x2fby-id\\x2fata-ST320413A_6ED2BPDD-part1/b8:17
/media/arch/run/udev/links/\\x2finput\\x2fby-path\\x2fplatform-pcspkr-event-spkr/
/media/arch/run/udev/links/\\x2finput\\x2fby-path\\x2fplatform-pcspkr-event-spkr/c13:67
/media/arch/run/udev/links/\\x2finput\\x2fby-path\\x2fplatform-i8042-serio-0-event-kbd/
/media/arch/run/udev/links/\\x2finput\\x2fby-path\\x2fplatform-i8042-serio-0-event-kbd/c13:66
/media/arch/run/udev/links/\\x2fdisk\\x2fby-id\\x2fata-ST320413A_6ED2BPDD/
/media/arch/run/udev/links/\\x2fdisk\\x2fby-id\\x2fata-ST320413A_6ED2BPDD/b8:16
/media/arch/run/udev/links/\\x2fdisk\\x2fby-path\\x2fpci-0000:00:1d.7-usb-0:3:1.0-scsi-0:0:0:3/
/media/arch/run/udev/links/\\x2fdisk\\x2fby-path\\x2fpci-0000:00:1d.7-usb-0:3:1.0-scsi-0:0:0:3/b8:80
/media/arch/run/udev/links/\\x2fdisk\\x2fby-id\\x2fusb-AVEX_AX1611_SM_1-0:3/
/media/arch/run/udev/links/\\x2fdisk\\x2fby-id\\x2fusb-AVEX_AX1611_SM_1-0:3/b8:80
/media/arch/run/udev/links/\\x2fdisk\\x2fby-path\\x2fpci-0000:00:1d.7-usb-0:3:1.0-scsi-0:0:0:2/
/media/arch/run/udev/links/\\x2fdisk\\x2fby-path\\x2fpci-0000:00:1d.7-usb-0:3:1.0-scsi-0:0:0:2/b8:64
/media/arch/run/udev/links/\\x2fdisk\\x2fby-id\\x2fusb-AVEX_AX1611_MMC_SD_1-0:2/
/media/arch/run/udev/links/\\x2fdisk\\x2fby-id\\x2fusb-AVEX_AX1611_MMC_SD_1-0:2/b8:64
/media/arch/run/udev/links/\\x2fdisk\\x2fby-path\\x2fpci-0000:00:1d.7-usb-0:3:1.0-scsi-0:0:0:1/
/media/arch/run/udev/links/\\x2fdisk\\x2fby-path\\x2fpci-0000:00:1d.7-usb-0:3:1.0-scsi-0:0:0:1/b8:48
/media/arch/run/udev/links/\\x2fdisk\\x2fby-id\\x2fusb-AVEX_AX1611_MS_1-0:1/
/media/arch/run/udev/links/\\x2fdisk\\x2fby-id\\x2fusb-AVEX_AX1611_MS_1-0:1/b8:48
/media/arch/run/udev/links/\\x2fdisk\\x2fby-path\\x2fpci-0000:00:1d.7-usb-0:3:1.0-scsi-0:0:0:0/
/media/arch/run/udev/links/\\x2fdisk\\x2fby-path\\x2fpci-0000:00:1d.7-usb-0:3:1.0-scsi-0:0:0:0/b8:32
/media/arch/run/udev/links/\\x2fdisk\\x2fby-id\\x2fusb-AVEX_AX1611_CF_1-0:0/
/media/arch/run/udev/links/\\x2fdisk\\x2fby-id\\x2fusb-AVEX_AX1611_CF_1-0:0/b8:32
/media/arch/run/udev/links/\\x2fdisk\\x2fby-path\\x2fpci-0000:00:1f.2-ata-1/
/media/arch/run/udev/links/\\x2fdisk\\x2fby-path\\x2fpci-0000:00:1f.2-ata-1/b8:16
/media/arch/run/udev/links/\\x2fdisk\\x2fby-path\\x2fpci-0000:00:1f.2-ata-1/b8:0
/media/arch/run/udev/links/\\x2fdisk\\x2fby-id\\x2fwwn-0x5000cca306caa0f5/
/media/arch/run/udev/links/\\x2fdisk\\x2fby-id\\x2fwwn-0x5000cca306caa0f5/b8:0
/media/arch/run/udev/links/\\x2fdisk\\x2fby-id\\x2fata-HDT722516DLAT80_VD091GTE0SBUVR/
/media/arch/run/udev/links/\\x2fdisk\\x2fby-id\\x2fata-HDT722516DLAT80_VD091GTE0SBUVR/b8:0
/media/arch/run/udev/links/\\x2frtc/
/media/arch/run/udev/links/\\x2frtc/c252:0
/media/arch/run/udev/links/\\x2fdisk\\x2fby-path\\x2fpci-0000:00:1f.2-ata-2/
/media/arch/run/udev/links/\\x2fdisk\\x2fby-path\\x2fpci-0000:00:1f.2-ata-2/b11:0
/media/arch/run/udev/links/\\x2fdisk\\x2fby-id\\x2fata-TSSTcorp_CDDVDW_SH-S203P/
/media/arch/run/udev/links/\\x2fdisk\\x2fby-id\\x2fata-TSSTcorp_CDDVDW_SH-S203P/b11:0
/media/arch/run/udev/links/\\x2fcdrom/
/media/arch/run/udev/links/\\x2fcdrom/b11:0
/media/arch/run/udev/data/
/media/arch/run/udev/data/+module:fuse
/media/arch/run/udev/data/c10:229
/media/arch/run/udev/data/c7:135
/media/arch/run/udev/data/c7:7
/media/arch/run/udev/data/c7:134
/media/arch/run/udev/data/c7:6
/media/arch/run/udev/data/c7:133
/media/arch/run/udev/data/c7:5
/media/arch/run/udev/data/c7:132
/media/arch/run/udev/data/c7:4
/media/arch/run/udev/data/c7:131
/media/arch/run/udev/data/c7:3
/media/arch/run/udev/data/c7:130
/media/arch/run/udev/data/c7:2
/media/arch/run/udev/data/c10:58
/media/arch/run/udev/data/b8:1
/media/arch/run/udev/data/c13:78
/media/arch/run/udev/data/c13:77
/media/arch/run/udev/data/+input:input15
/media/arch/run/udev/data/+sound:card1
/media/arch/run/udev/data/c13:75
/media/arch/run/udev/data/c13:76
/media/arch/run/udev/data/+input:input14
/media/arch/run/udev/data/+input:input12
/media/arch/run/udev/data/+input:input13
/media/arch/run/udev/data/c116:18
/media/arch/run/udev/data/c116:17
/media/arch/run/udev/data/c116:16
/media/arch/run/udev/data/c116:15
/media/arch/run/udev/data/c116:14
/media/arch/run/udev/data/c116:12
/media/arch/run/udev/data/c116:13
/media/arch/run/udev/data/c116:11
/media/arch/run/udev/data/c116:10
/media/arch/run/udev/data/b8:2
/media/arch/run/udev/data/c226:0
/media/arch/run/udev/data/b8:3
/media/arch/run/udev/data/c13:74
/media/arch/run/udev/data/c13:71
/media/arch/run/udev/data/c13:73
/media/arch/run/udev/data/c13:72
/media/arch/run/udev/data/+input:input11
/media/arch/run/udev/data/+input:input9
/media/arch/run/udev/data/+input:input8
/media/arch/run/udev/data/c116:8
/media/arch/run/udev/data/+input:input10
/media/arch/run/udev/data/c116:9
/media/arch/run/udev/data/c116:7
/media/arch/run/udev/data/c116:6
/media/arch/run/udev/data/+sound:card0
/media/arch/run/udev/data/c13:70
/media/arch/run/udev/data/c116:5
/media/arch/run/udev/data/+input:input7
/media/arch/run/udev/data/c116:4
/media/arch/run/udev/data/c13:69
/media/arch/run/udev/data/c13:68
/media/arch/run/udev/data/c81:0
/media/arch/run/udev/data/n2
/media/arch/run/udev/data/c248:0
/media/arch/run/udev/data/+input:input6
/media/arch/run/udev/data/c13:32
/media/arch/run/udev/data/c10:1
/media/arch/run/udev/data/c13:63
/media/arch/run/udev/data/+sound:card2
/media/arch/run/udev/data/c116:2
/media/arch/run/udev/data/c116:3
/media/arch/run/udev/data/+drm:card0-VGA-1
/media/arch/run/udev/data/+drm:card0-DVI-I-1
/media/arch/run/udev/data/+drm:card0-HDMI-A-1
/media/arch/run/udev/data/c226:128
/media/arch/run/udev/data/c29:0
/media/arch/run/udev/data/c226:64
/media/arch/run/udev/data/+pci:0000:01:00.0
/media/arch/run/udev/data/+pci:0000:01:00.1
/media/arch/run/udev/data/c251:0
/media/arch/run/udev/data/c10:130
/media/arch/run/udev/data/+input:input4
/media/arch/run/udev/data/c99:0
/media/arch/run/udev/data/+pci:0000:03:00.0
/media/arch/run/udev/data/b8:17
/media/arch/run/udev/data/c116:33
/media/arch/run/udev/data/c13:67
/media/arch/run/udev/data/c13:66
/media/arch/run/udev/data/+input:input5
/media/arch/run/udev/data/c10:183
/media/arch/run/udev/data/c13:64
/media/arch/run/udev/data/c13:65
/media/arch/run/udev/data/c7:129
/media/arch/run/udev/data/c7:128
/media/arch/run/udev/data/c7:1
/media/arch/run/udev/data/c7:0
/media/arch/run/udev/data/c4:9
/media/arch/run/udev/data/c4:8
/media/arch/run/udev/data/c4:7
/media/arch/run/udev/data/c4:63
/media/arch/run/udev/data/c4:62
/media/arch/run/udev/data/c4:61
/media/arch/run/udev/data/c4:60
/media/arch/run/udev/data/c4:6
/media/arch/run/udev/data/c4:59
/media/arch/run/udev/data/c4:58
/media/arch/run/udev/data/c4:57
/media/arch/run/udev/data/c4:56
/media/arch/run/udev/data/c4:55
/media/arch/run/udev/data/c4:54
/media/arch/run/udev/data/c4:53
/media/arch/run/udev/data/c4:52
/media/arch/run/udev/data/c4:51
/media/arch/run/udev/data/c4:50
/media/arch/run/udev/data/c4:5
/media/arch/run/udev/data/c4:49
/media/arch/run/udev/data/c4:48
/media/arch/run/udev/data/c4:47
/media/arch/run/udev/data/c4:46
/media/arch/run/udev/data/c4:45
/media/arch/run/udev/data/c4:44
/media/arch/run/udev/data/c4:43
/media/arch/run/udev/data/c4:42
/media/arch/run/udev/data/c4:41
/media/arch/run/udev/data/c4:40
/media/arch/run/udev/data/c4:4
/media/arch/run/udev/data/c4:38
/media/arch/run/udev/data/c4:39
/media/arch/run/udev/data/c4:37
/media/arch/run/udev/data/c4:36
/media/arch/run/udev/data/c4:35
/media/arch/run/udev/data/c4:34
/media/arch/run/udev/data/c4:33
/media/arch/run/udev/data/c4:32
/media/arch/run/udev/data/c4:31
/media/arch/run/udev/data/c4:30
/media/arch/run/udev/data/c4:3
/media/arch/run/udev/data/c4:29
/media/arch/run/udev/data/c4:28
/media/arch/run/udev/data/c4:27
/media/arch/run/udev/data/c4:26
/media/arch/run/udev/data/c4:25
/media/arch/run/udev/data/c4:24
/media/arch/run/udev/data/c4:23
/media/arch/run/udev/data/c4:22
/media/arch/run/udev/data/c4:21
/media/arch/run/udev/data/c4:20
/media/arch/run/udev/data/c4:2
/media/arch/run/udev/data/c4:19
/media/arch/run/udev/data/c4:18
/media/arch/run/udev/data/c4:17
/media/arch/run/udev/data/c4:16
/media/arch/run/udev/data/c4:15
/media/arch/run/udev/data/c4:14
/media/arch/run/udev/data/c4:13
/media/arch/run/udev/data/c4:12
/media/arch/run/udev/data/c4:11
/media/arch/run/udev/data/c4:10
/media/arch/run/udev/data/c4:1
/media/arch/run/udev/data/c4:0
/media/arch/run/udev/data/c5:0
/media/arch/run/udev/data/c5:2
/media/arch/run/udev/data/n1
/media/arch/run/udev/data/c5:1
/media/arch/run/udev/data/c10:63
/media/arch/run/udev/data/c10:231
/media/arch/run/udev/data/c10:60
/media/arch/run/udev/data/c10:61
/media/arch/run/udev/data/c10:184
/media/arch/run/udev/data/c10:59
/media/arch/run/udev/data/c10:227
/media/arch/run/udev/data/c10:228
/media/arch/run/udev/data/c10:62
/media/arch/run/udev/data/c10:235
/media/arch/run/udev/data/c1:5
/media/arch/run/udev/data/c1:9
/media/arch/run/udev/data/c1:8
/media/arch/run/udev/data/c1:4
/media/arch/run/udev/data/c1:3
/media/arch/run/udev/data/c1:1
/media/arch/run/udev/data/c1:11
/media/arch/run/udev/data/c1:7
/media/arch/run/udev/data/+usb:2-8:1.3
/media/arch/run/udev/data/+usb:2-8:1.2
/media/arch/run/udev/data/+usb:2-8:1.1
/media/arch/run/udev/data/b8:16
/media/arch/run/udev/data/+usb:2-8:1.0
/media/arch/run/udev/data/c189:130
/media/arch/run/udev/data/c250:6
/media/arch/run/udev/data/b8:80
/media/arch/run/udev/data/c250:5
/media/arch/run/udev/data/b8:64
/media/arch/run/udev/data/c250:4
/media/arch/run/udev/data/b8:48
/media/arch/run/udev/data/c250:3
/media/arch/run/udev/data/b8:32
/media/arch/run/udev/data/b8:0
/media/arch/run/udev/data/c4:64
/media/arch/run/udev/data/c252:0
/media/arch/run/udev/data/c189:129
/media/arch/run/udev/data/c4:67
/media/arch/run/udev/data/c4:66
/media/arch/run/udev/data/c4:65
/media/arch/run/udev/data/+input:input2
/media/arch/run/udev/data/b11:0
/media/arch/run/udev/data/c250:2
/media/arch/run/udev/data/c250:1
/media/arch/run/udev/data/c250:0
/media/arch/run/udev/data/+usb:4-0:1.0
/media/arch/run/udev/data/+usb:2-0:1.0
/media/arch/run/udev/data/+usb:3-0:1.0
/media/arch/run/udev/data/+usb:1-0:1.0
/media/arch/run/udev/data/+usb:5-0:1.0
/media/arch/run/udev/data/c189:384
/media/arch/run/udev/data/c189:128
/media/arch/run/udev/data/c189:256
/media/arch/run/udev/data/c189:0
/media/arch/run/udev/data/c189:512
/media/arch/run/udev/data/+input:input0
/media/arch/run/udev/data/+pci:0000:00:1c.0
/media/arch/run/udev/data/+pci:0000:00:1f.3
/media/arch/run/udev/data/+pci:0000:00:1d.0
/media/arch/run/udev/data/+pci:0000:00:1d.2
/media/arch/run/udev/data/+pci:0000:00:1d.3
/media/arch/run/udev/data/+pci:0000:00:1d.1
/media/arch/run/udev/data/+pci:0000:00:1b.0
/media/arch/run/udev/data/+pci:0000:00:1e.0
/media/arch/run/udev/data/+pci:0000:00:1f.2
/media/arch/run/udev/data/+pci:0000:00:1d.7
/media/arch/run/udev/data/+pci:0000:00:1f.0
/media/arch/run/udev/data/+pci:0000:00:00.0
/media/arch/run/udev/data/+pci:0000:00:1c.1
/media/arch/run/udev/data/+pci:0000:00:01.0
/media/arch/run/udev/data/+acpi:INT0800:00
/media/arch/run/udev/data/+input:input1
/media/arch/run/udev/data/+platform:INT0800:00
/media/arch/run/udev/data/+module:configfs
/media/arch/run/tmpfiles.d/
/media/arch/run/tmpfiles.d/kmod.conf
/media/arch/run/initramfs/
/media/arch/boot/
/media/arch/boot/initramfs-linux.img
/media/arch/boot/initramfs-linux-fallback.img
/media/arch/boot/vmlinuz-linux
/media/arch/boot/grub/
/media/arch/boot/grub/grubenv
/media/arch/boot/grub/themes/
/media/arch/boot/grub/themes/starfield/
/media/arch/boot/grub/themes/starfield/theme.txt
/media/arch/boot/grub/themes/starfield/terminal_box_e.png
/media/arch/boot/grub/themes/starfield/README
/media/arch/boot/grub/themes/starfield/boot_menu_se.png
/media/arch/boot/grub/themes/starfield/terminal_box_se.png
/media/arch/boot/grub/themes/starfield/slider_c.png
/media/arch/boot/grub/themes/starfield/dejavu_16.pf2
/media/arch/boot/grub/themes/starfield/dejavu_10.pf2
/media/arch/boot/grub/themes/starfield/terminal_box_nw.png
/media/arch/boot/grub/themes/starfield/boot_menu_w.png
/media/arch/boot/grub/themes/starfield/terminal_box_sw.png
/media/arch/boot/grub/themes/starfield/slider_s.png
/media/arch/boot/grub/themes/starfield/blob_w.png
/media/arch/boot/grub/themes/starfield/dejavu_14.pf2
/media/arch/boot/grub/themes/starfield/COPYING.CC-BY-SA-3.0
/media/arch/boot/grub/themes/starfield/boot_menu_c.png
/media/arch/boot/grub/themes/starfield/terminal_box_ne.png
/media/arch/boot/grub/themes/starfield/terminal_box_n.png
/media/arch/boot/grub/themes/starfield/terminal_box_w.png
/media/arch/boot/grub/themes/starfield/boot_menu_s.png
/media/arch/boot/grub/themes/starfield/slider_n.png
/media/arch/boot/grub/themes/starfield/boot_menu_n.png
/media/arch/boot/grub/themes/starfield/starfield.png
/media/arch/boot/grub/themes/starfield/boot_menu_e.png
/media/arch/boot/grub/themes/starfield/boot_menu_nw.png
/media/arch/boot/grub/themes/starfield/terminal_box_s.png
/media/arch/boot/grub/themes/starfield/terminal_box_c.png
/media/arch/boot/grub/themes/starfield/boot_menu_sw.png
/media/arch/boot/grub/themes/starfield/boot_menu_ne.png
/media/arch/boot/grub/themes/starfield/dejavu_12.pf2
/media/arch/boot/grub/themes/starfield/dejavu_bold_14.pf2
/media/arch/boot/grub/i386-pc/
/media/arch/boot/grub/i386-pc/gcry_serpent.mod
/media/arch/boot/grub/i386-pc/fshelp.mod
/media/arch/boot/grub/i386-pc/elf.mod
/media/arch/boot/grub/i386-pc/vga.mod
/media/arch/boot/grub/i386-pc/gcry_whirlpool.mod
/media/arch/boot/grub/i386-pc/xzio.mod
/media/arch/boot/grub/i386-pc/pxe.mod
/media/arch/boot/grub/i386-pc/fat.mod
/media/arch/boot/grub/i386-pc/gcry_sha512.mod
/media/arch/boot/grub/i386-pc/disk.mod
/media/arch/boot/grub/i386-pc/zfs.mod
/media/arch/boot/grub/i386-pc/usb.mod
/media/arch/boot/grub/i386-pc/echo.mod
/media/arch/boot/grub/i386-pc/bfs.mod
/media/arch/boot/grub/i386-pc/usbserial_pl2303.mod
/media/arch/boot/grub/i386-pc/sendkey.mod
/media/arch/boot/grub/i386-pc/sleep_test.mod
/media/arch/boot/grub/i386-pc/div_test.mod
/media/arch/boot/grub/i386-pc/password_pbkdf2.mod
/media/arch/boot/grub/i386-pc/keystatus.mod
/media/arch/boot/grub/i386-pc/datetime.mod
/media/arch/boot/grub/i386-pc/verify.mod
/media/arch/boot/grub/i386-pc/pbkdf2.mod
/media/arch/boot/grub/i386-pc/loadenv.mod
/media/arch/boot/grub/i386-pc/videotest_checksum.mod
/media/arch/boot/grub/i386-pc/reiserfs.mod
/media/arch/boot/grub/i386-pc/plan9.mod
/media/arch/boot/grub/i386-pc/minix3_be.mod
/media/arch/boot/grub/i386-pc/geli.mod
/media/arch/boot/grub/i386-pc/gptsync.mod
/media/arch/boot/grub/i386-pc/lsapm.mod
/media/arch/boot/grub/i386-pc/usbms.mod
/media/arch/boot/grub/i386-pc/part_plan.mod
/media/arch/boot/grub/i386-pc/part_sunpc.mod
/media/arch/boot/grub/i386-pc/regexp.mod
/media/arch/boot/grub/i386-pc/linux.mod
/media/arch/boot/grub/i386-pc/loopback.mod
/media/arch/boot/grub/i386-pc/sleep.mod
/media/arch/boot/grub/i386-pc/http.mod
/media/arch/boot/grub/i386-pc/msdospart.mod
/media/arch/boot/grub/i386-pc/part_apple.mod
/media/arch/boot/grub/i386-pc/gcry_sha256.mod
/media/arch/boot/grub/i386-pc/mda_text.mod
/media/arch/boot/grub/i386-pc/iso9660.mod
/media/arch/boot/grub/i386-pc/zfscrypt.mod
/media/arch/boot/grub/i386-pc/hfsplus.mod
/media/arch/boot/grub/i386-pc/legacycfg.mod
/media/arch/boot/grub/i386-pc/pata.mod
/media/arch/boot/grub/i386-pc/cmdline_cat_test.mod
/media/arch/boot/grub/i386-pc/jfs.mod
/media/arch/boot/grub/i386-pc/setjmp_test.mod
/media/arch/boot/grub/i386-pc/procfs.mod
/media/arch/boot/grub/i386-pc/blocklist.mod
/media/arch/boot/grub/i386-pc/xfs.mod
/media/arch/boot/grub/i386-pc/gcry_rmd160.mod
/media/arch/boot/grub/i386-pc/parttool.mod
/media/arch/boot/grub/i386-pc/part_sun.mod
/media/arch/boot/grub/i386-pc/video_colors.mod
/media/arch/boot/grub/i386-pc/minix2.mod
/media/arch/boot/grub/i386-pc/cat.mod
/media/arch/boot/grub/i386-pc/morse.mod
/media/arch/boot/grub/i386-pc/xnu.mod
/media/arch/boot/grub/i386-pc/adler32.mod
/media/arch/boot/grub/i386-pc/multiboot2.mod
/media/arch/boot/grub/i386-pc/gcry_idea.mod
/media/arch/boot/grub/i386-pc/test_blockarg.mod
/media/arch/boot/grub/i386-pc/configfile.mod
/media/arch/boot/grub/i386-pc/lsacpi.mod
/media/arch/boot/grub/i386-pc/hdparm.mod
/media/arch/boot/grub/i386-pc/cryptodisk.mod
/media/arch/boot/grub/i386-pc/bufio.mod
/media/arch/boot/grub/i386-pc/nilfs2.mod
/media/arch/boot/grub/i386-pc/drivemap.mod
/media/arch/boot/grub/i386-pc/gcry_arcfour.mod
/media/arch/boot/grub/i386-pc/ufs1_be.mod
/media/arch/boot/grub/i386-pc/extcmd.mod
/media/arch/boot/grub/i386-pc/functional_test.mod
/media/arch/boot/grub/i386-pc/exfat.mod
/media/arch/boot/grub/i386-pc/boottime.mod
/media/arch/boot/grub/i386-pc/gettext.mod
/media/arch/boot/grub/i386-pc/normal.mod
/media/arch/boot/grub/i386-pc/btrfs.mod
/media/arch/boot/grub/i386-pc/tr.mod
/media/arch/boot/grub/i386-pc/signature_test.mod
/media/arch/boot/grub/i386-pc/pci.mod
/media/arch/boot/grub/i386-pc/efiemu.mod
/media/arch/boot/grub/i386-pc/mdraid09_be.mod
/media/arch/boot/grub/i386-pc/testload.mod
/media/arch/boot/grub/i386-pc/diskfilter.mod
/media/arch/boot/grub/i386-pc/odc.mod
/media/arch/boot/grub/i386-pc/gcry_crc.mod
/media/arch/boot/grub/i386-pc/ntfscomp.mod
/media/arch/boot/grub/i386-pc/boot.mod
/media/arch/boot/grub/i386-pc/gcry_tiger.mod
/media/arch/boot/grub/i386-pc/setjmp.mod
/media/arch/boot/grub/i386-pc/font.mod
/media/arch/boot/grub/i386-pc/datehook.mod
/media/arch/boot/grub/i386-pc/priority_queue.mod
/media/arch/boot/grub/i386-pc/relocator.mod
/media/arch/boot/grub/i386-pc/ata.mod
/media/arch/boot/grub/i386-pc/ldm.mod
/media/arch/boot/grub/i386-pc/ufs1.mod
/media/arch/boot/grub/i386-pc/cbtable.mod
/media/arch/boot/grub/i386-pc/cbtime.mod
/media/arch/boot/grub/i386-pc/ntfs.mod
/media/arch/boot/grub/i386-pc/affs.mod
/media/arch/boot/grub/i386-pc/freedos.mod
/media/arch/boot/grub/i386-pc/search_fs_file.mod
/media/arch/boot/grub/i386-pc/terminal.mod
/media/arch/boot/grub/i386-pc/true.mod
/media/arch/boot/grub/i386-pc/iorw.mod
/media/arch/boot/grub/i386-pc/efiemu64.o
/media/arch/boot/grub/i386-pc/file.mod
/media/arch/boot/grub/i386-pc/minix_be.mod
/media/arch/boot/grub/i386-pc/biosdisk.mod
/media/arch/boot/grub/i386-pc/progress.mod
/media/arch/boot/grub/i386-pc/png.mod
/media/arch/boot/grub/i386-pc/hello.mod
/media/arch/boot/grub/i386-pc/usbserial_usbdebug.mod
/media/arch/boot/grub/i386-pc/gcry_camellia.mod
/media/arch/boot/grub/i386-pc/lspci.mod
/media/arch/boot/grub/i386-pc/search.mod
/media/arch/boot/grub/i386-pc/trig.mod
/media/arch/boot/grub/i386-pc/modinfo.sh
/media/arch/boot/grub/i386-pc/xnu_uuid_test.mod
/media/arch/boot/grub/i386-pc/gcry_seed.mod
/media/arch/boot/grub/i386-pc/cmosdump.mod
/media/arch/boot/grub/i386-pc/dm_nv.mod
/media/arch/boot/grub/i386-pc/cbls.mod
/media/arch/boot/grub/i386-pc/usbserial_ftdi.mod
/media/arch/boot/grub/i386-pc/915resolution.mod
/media/arch/boot/grub/i386-pc/part_msdos.mod
/media/arch/boot/grub/i386-pc/syslinuxcfg.mod
/media/arch/boot/grub/i386-pc/testspeed.mod
/media/arch/boot/grub/i386-pc/pcidump.mod
/media/arch/boot/grub/i386-pc/usbserial_common.mod
/media/arch/boot/grub/i386-pc/gfxterm_menu.mod
/media/arch/boot/grub/i386-pc/memrw.mod
/media/arch/boot/grub/i386-pc/all_video.mod
/media/arch/boot/grub/i386-pc/gcry_sha1.mod
/media/arch/boot/grub/i386-pc/at_keyboard.mod
/media/arch/boot/grub/i386-pc/hexdump.mod
/media/arch/boot/grub/i386-pc/gcry_cast5.mod
/media/arch/boot/grub/i386-pc/hfspluscomp.mod
/media/arch/boot/grub/i386-pc/gcry_dsa.mod
/media/arch/boot/grub/i386-pc/eval.mod
/media/arch/boot/grub/i386-pc/cacheinfo.mod
/media/arch/boot/grub/i386-pc/reboot.mod
/media/arch/boot/grub/i386-pc/tftp.mod
/media/arch/boot/grub/i386-pc/part_gpt.mod
/media/arch/boot/grub/i386-pc/cpuid.mod
/media/arch/boot/grub/i386-pc/uhci.mod
/media/arch/boot/grub/i386-pc/minix3.mod
/media/arch/boot/grub/i386-pc/ehci.mod
/media/arch/boot/grub/i386-pc/video_cirrus.mod
/media/arch/boot/grub/i386-pc/pxechain.mod
/media/arch/boot/grub/i386-pc/search_label.mod
/media/arch/boot/grub/i386-pc/macho.mod
/media/arch/boot/grub/i386-pc/scsi.mod
/media/arch/boot/grub/i386-pc/crypto.mod
/media/arch/boot/grub/i386-pc/backtrace.mod
/media/arch/boot/grub/i386-pc/part_bsd.mod
/media/arch/boot/grub/i386-pc/bsd.mod
/media/arch/boot/grub/i386-pc/chain.mod
/media/arch/boot/grub/i386-pc/search_fs_uuid.mod
/media/arch/boot/grub/i386-pc/part_dvh.mod
/media/arch/boot/grub/i386-pc/gcry_md5.mod
/media/arch/boot/grub/i386-pc/luks.mod
/media/arch/boot/grub/i386-pc/lzopio.mod
/media/arch/boot/grub/i386-pc/sfs.mod
/media/arch/boot/grub/i386-pc/gcry_md4.mod
/media/arch/boot/grub/i386-pc/exfctest.mod
/media/arch/boot/grub/i386-pc/minicmd.mod
/media/arch/boot/grub/i386-pc/serial.mod
/media/arch/boot/grub/i386-pc/usbtest.mod
/media/arch/boot/grub/i386-pc/ntldr.mod
/media/arch/boot/grub/i386-pc/hashsum.mod
/media/arch/boot/grub/i386-pc/zfsinfo.mod
/media/arch/boot/grub/i386-pc/ahci.mod
/media/arch/boot/grub/i386-pc/ohci.mod
/media/arch/boot/grub/i386-pc/spkmodem.mod
/media/arch/boot/grub/i386-pc/video_bochs.mod
/media/arch/boot/grub/i386-pc/halt.mod
/media/arch/boot/grub/i386-pc/mpi.mod
/media/arch/boot/grub/i386-pc/moddep.lst
/media/arch/boot/grub/i386-pc/date.mod
/media/arch/boot/grub/i386-pc/pbkdf2_test.mod
/media/arch/boot/grub/i386-pc/crypto.lst
/media/arch/boot/grub/i386-pc/tga.mod
/media/arch/boot/grub/i386-pc/aout.mod
/media/arch/boot/grub/i386-pc/nativedisk.mod
/media/arch/boot/grub/i386-pc/afs.mod
/media/arch/boot/grub/i386-pc/gcry_des.mod
/media/arch/boot/grub/i386-pc/test.mod
/media/arch/boot/grub/i386-pc/partmap.lst
/media/arch/boot/grub/i386-pc/mmap.mod
/media/arch/boot/grub/i386-pc/gcry_rijndael.mod
/media/arch/boot/grub/i386-pc/fs.lst
/media/arch/boot/grub/i386-pc/net.mod
/media/arch/boot/grub/i386-pc/multiboot.mod
/media/arch/boot/grub/i386-pc/mdraid1x.mod
/media/arch/boot/grub/i386-pc/gfxterm_background.mod
/media/arch/boot/grub/i386-pc/macbless.mod
/media/arch/boot/grub/i386-pc/memdisk.mod
/media/arch/boot/grub/i386-pc/terminal.lst
/media/arch/boot/grub/i386-pc/command.lst
/media/arch/boot/grub/i386-pc/gcry_rsa.mod
/media/arch/boot/grub/i386-pc/read.mod
/media/arch/boot/grub/i386-pc/video_fb.mod
/media/arch/boot/grub/i386-pc/boot.img
/media/arch/boot/grub/i386-pc/help.mod
/media/arch/boot/grub/i386-pc/play.mod
/media/arch/boot/grub/i386-pc/romfs.mod
/media/arch/boot/grub/i386-pc/legacy_password_test.mod
/media/arch/boot/grub/i386-pc/parttool.lst
/media/arch/boot/grub/i386-pc/ext2.mod
/media/arch/boot/grub/i386-pc/udf.mod
/media/arch/boot/grub/i386-pc/usb_keyboard.mod
/media/arch/boot/grub/i386-pc/raid5rec.mod
/media/arch/boot/grub/i386-pc/password.mod
/media/arch/boot/grub/i386-pc/raid6rec.mod
/media/arch/boot/grub/i386-pc/bitmap_scale.mod
/media/arch/boot/grub/i386-pc/lsmmap.mod
/media/arch/boot/grub/i386-pc/gfxmenu.mod
/media/arch/boot/grub/i386-pc/part_dfly.mod
/media/arch/boot/grub/i386-pc/efiemu32.o
/media/arch/boot/grub/i386-pc/gcry_blowfish.mod
/media/arch/boot/grub/i386-pc/mdraid09.mod
/media/arch/boot/grub/i386-pc/gzio.mod
/media/arch/boot/grub/i386-pc/newc.mod
/media/arch/boot/grub/i386-pc/cbfs.mod
/media/arch/boot/grub/i386-pc/setpci.mod
/media/arch/boot/grub/i386-pc/cpio_be.mod
/media/arch/boot/grub/i386-pc/probe.mod
/media/arch/boot/grub/i386-pc/minix2_be.mod
/media/arch/boot/grub/i386-pc/cpio.mod
/media/arch/boot/grub/i386-pc/jpeg.mod
/media/arch/boot/grub/i386-pc/acpi.mod
/media/arch/boot/grub/i386-pc/videoinfo.mod
/media/arch/boot/grub/i386-pc/time.mod
/media/arch/boot/grub/i386-pc/tar.mod
/media/arch/boot/grub/i386-pc/video.mod
/media/arch/boot/grub/i386-pc/gfxterm.mod
/media/arch/boot/grub/i386-pc/terminfo.mod
/media/arch/boot/grub/i386-pc/crc64.mod
/media/arch/boot/grub/i386-pc/part_acorn.mod
/media/arch/boot/grub/i386-pc/core.img
/media/arch/boot/grub/i386-pc/ufs2.mod
/media/arch/boot/grub/i386-pc/truecrypt.mod
/media/arch/boot/grub/i386-pc/linux16.mod
/media/arch/boot/grub/i386-pc/ls.mod
/media/arch/boot/grub/i386-pc/bitmap.mod
/media/arch/boot/grub/i386-pc/gcry_rfc2268.mod
/media/arch/boot/grub/i386-pc/videotest.mod
/media/arch/boot/grub/i386-pc/lvm.mod
/media/arch/boot/grub/i386-pc/xnu_uuid.mod
/media/arch/boot/grub/i386-pc/vga_text.mod
/media/arch/boot/grub/i386-pc/minix.mod
/media/arch/boot/grub/i386-pc/archelp.mod
/media/arch/boot/grub/i386-pc/gcry_twofish.mod
/media/arch/boot/grub/i386-pc/squash4.mod
/media/arch/boot/grub/i386-pc/video.lst
/media/arch/boot/grub/i386-pc/gdb.mod
/media/arch/boot/grub/i386-pc/cmp.mod
/media/arch/boot/grub/i386-pc/cbmemc.mod
/media/arch/boot/grub/i386-pc/cmostest.mod
/media/arch/boot/grub/i386-pc/part_amiga.mod
/media/arch/boot/grub/i386-pc/vbe.mod
/media/arch/boot/grub/i386-pc/cs5536.mod
/media/arch/boot/grub/i386-pc/offsetio.mod
/media/arch/boot/grub/i386-pc/hfs.mod
/media/arch/boot/grub/i386-pc/keylayouts.mod
/media/arch/boot/grub/locale/
/media/arch/boot/grub/locale/en@piglatin.mo
/media/arch/boot/grub/locale/zh_TW.mo
/media/arch/boot/grub/locale/sr.mo
/media/arch/boot/grub/locale/en@hebrew.mo
/media/arch/boot/grub/locale/de.mo
/media/arch/boot/grub/locale/gl.mo
/media/arch/boot/grub/locale/ru.mo
/media/arch/boot/grub/locale/es.mo
/media/arch/boot/grub/locale/ca.mo
/media/arch/boot/grub/locale/lt.mo
/media/arch/boot/grub/locale/uk.mo
/media/arch/boot/grub/locale/pl.mo
/media/arch/boot/grub/locale/zh_CN.mo
/media/arch/boot/grub/locale/pt_BR.mo
