## depchk.sh Version 1.08 for Slackware.
## Executed: qua 05 fev 2025 18:16:25 WET
## Mode: all
## ##########################################

## Installed packages: 1511

## Check for broken symlinks that might indicate missing libs..
## Broken Links Done!

## Checking for missing dependencies of installed libs/binaries..
## When there is a : at last line, it is LESS waiting for you to scroll the page !
# Checking files in: /bin
# Checking files in: /usr/bin
 Dependencies for: /usr/bin/libime_history
 ** MISSING: libFcitx5Utils.so.2
 Dependencies for: /usr/bin/libime_migrate_fcitx4_pinyin
 ** MISSING: libFcitx5Utils.so.2
 Dependencies for: /usr/bin/libime_migrate_fcitx4_table
 ** MISSING: libFcitx5Utils.so.2
 Dependencies for: /usr/bin/libime_pinyindict
 ** MISSING: libFcitx5Utils.so.2
 Dependencies for: /usr/bin/libime_prediction
 ** MISSING: libFcitx5Utils.so.2
 Dependencies for: /usr/bin/libime_tabledict
 ** MISSING: libFcitx5Utils.so.2
# Checking files in: /usr/lib/python3.12/site-packages/SCons/Tool/docbook/docbook-xsl-1.76.1/tools/bin
# Checking files in: /usr/lib/python3.12/site-packages/SCons/Tool/docbook/docbook-xsl-1.76.1/epub/bin
# Checking files in: /usr/libexec/src2pkg/bin
# Checking files in: /usr/libexec/icecc/bin
# Checking files in: /usr/local/bin
# Checking files in: /usr/local/sbin
# Checking files in: /usr/share/xml/docbook/xsl-stylesheets-1.79.2/epub/bin
# Checking files in: /usr/share/sgml/docbook/dsssl-stylesheets-1.79/bin
# Checking files in: /usr/share/texmf-dist/tex4ht/bin
# Checking files in: /usr/share/mc/bin
# Checking files in: /usr/sbin
# Checking files in: /usr/lib64/node_modules/npm/bin
# Checking files in: /usr/lib64/node_modules/npm/node_modules/semver/bin
# Checking files in: /usr/lib64/node_modules/npm/node_modules/node-gyp/bin
# Checking files in: /usr/lib64/node_modules/npm/node_modules/cssesc/bin
# Checking files in: /usr/lib64/node_modules/npm/node_modules/nopt/bin
# Checking files in: /usr/lib64/node_modules/npm/node_modules/mkdirp/bin
# Checking files in: /usr/lib64/node_modules/npm/node_modules/@npmcli/metavuln-calculator/node_modules/pacote/bin
# Checking files in: /usr/lib64/node_modules/npm/node_modules/@npmcli/installed-package-contents/bin
# Checking files in: /usr/lib64/node_modules/npm/node_modules/@npmcli/arborist/bin
# Checking files in: /usr/lib64/node_modules/npm/node_modules/qrcode-terminal/bin
# Checking files in: /usr/lib64/node_modules/npm/node_modules/cross-spawn/node_modules/which/bin
# Checking files in: /usr/lib64/node_modules/npm/node_modules/pacote/bin
# Checking files in: /usr/lib64/node_modules/npm/node_modules/which/bin
# Checking files in: /usr/lib64/qt6/bin
# Checking files in: /usr/lib64/qt5/bin
# Checking files in: /usr/lib64/libreoffice/sdk/bin
# Checking files in: /usr/lib64/clang/19/bin
# Checking files in: /home/seilaeu/work/pkg/usr/bin
# Checking files in: /sbin
# Checking files in: /usr/local/lib64
# Checking files in: /usr/share/gdb/auto-load/usr/lib64
# Checking files in: /usr/lib64
 Dependencies for: /usr/lib64/libIMECore.so.1.1.10
 ** MISSING: libFcitx5Utils.so.2
 Dependencies for: /usr/lib64/libIMEPinyin.so.1.1.10
 ** MISSING: libFcitx5Utils.so.2
 Dependencies for: /usr/lib64/libIMETable.so.1.1.10
 ** MISSING: libFcitx5Utils.so.2
 Dependencies for: /usr/lib64/libreoffice/program/libofficebean.so
 ** MISSING: libjawt.so
 Dependencies for: /usr/lib64/ruby/vendor_ruby/3.4.0/x86_64-linux/marisa.so
 ** MISSING: libruby.so.3.4
# Checking files in: /lib64
# Checking files in: /lib
# Checking files in: /usr/lib
# Checking files in: /usr/lib/python3.12/site-packages/SCons/Tool/docbook/docbook-xsl-1.76.1/lib
# Checking files in: /usr/lib/python3.12/site-packages/SCons/Tool/docbook/docbook-xsl-1.76.1/epub/bin/lib
# Checking files in: /usr/local/lib
# Checking files in: /usr/share/ntp/lib
# Checking files in: /usr/share/perl5/unicore/lib
# Checking files in: /usr/share/xml/docbook/xsl-stylesheets-1.79.2/lib
# Checking files in: /usr/share/xml/docbook/xsl-stylesheets-1.79.2/epub/bin/lib
# Checking files in: /usr/share/sgml/docbook/dsssl-stylesheets-1.79/lib
# Checking files in: /usr/share/sgml/docbook/dsssl-stylesheets-1.79/doc/lib
# Checking files in: /usr/share/texi2any/lib
# Checking files in: /usr/share/texi2any/lib/libintl-perl/lib
# Checking files in: /usr/share/texi2any/lib/Unicode-EastAsianWidth/lib
# Checking files in: /usr/share/texi2any/lib/Text-Unidecode/lib
# Checking files in: /usr/share/jed/lib
# Checking files in: /usr/share/gitk/lib
# Checking files in: /usr/share/ghostscript/10.04.0/lib
# Checking files in: /usr/share/texmf-dist/tex/generic/pgf/graphdrawing/lua/pgf/gd/lib
# Checking files in: /usr/share/git-gui/lib
# Checking files in: /usr/share/libreoffice/sdk/classes/com/sun/star/lib
# Checking files in: /usr/share/emacs/site-lisp/emacspeak/servers/linux-outloud/lib
# Checking files in: /usr/share/wireplumber/scripts/lib
# Checking files in: /usr/share/alsa/ucm2/lib
# Checking files in: /var/lib
# Checking files in: /home/seilaeu/work/pkg/opt/megasync/lib
# Checking files in: /opt/megasync/lib
# Checking files in: /usr/libexec
 Dependencies for: /usr/libexec/speech-dispatcher-modules/sd_baratinoo
 ** MISSING: libbaratinoo.so
 Dependencies for: /usr/libexec/speech-dispatcher-modules/sd_kali
 ** MISSING: libKAnalyse.so
 ** MISSING: libKGlobal.so
 ** MISSING: libKParle.so
 ** MISSING: libKTrans.so
 ** MISSING: libKali.so
 Dependencies for: /usr/libexec/speech-dispatcher-modules/sd_voxin
 ** MISSING: libvoxin.so
# Checking files in: /usr/lib64/cmake/Qt6/libexec
# Checking files in: /usr/lib64/qt5/libexec
# Checking files in: /usr/lib64/libexec
# Checking files in: /lib64/libexec
## Dependency Done!
